STRG.42.1 676 36998 TGTGGCGCAAT
STRG.42.2 1878 36998 TGTGGCGCAAT
STRG.2.1 2398 24271 ACTCCTTAAGC
STRG.2.2 2398 24271 ACTCCTTAAGC
STRG.2.2 3908 8036 AGATATTTATT
STRG.6.1 1508 8036 AGATATTTATT
STRG.34.1 1173 16889 CGGCAGTTACA
STRG.58.1 379 61734 GACGGAGAGAC
STRG.1.1 4133 4941 TATTTATGATT
STRG.48.1 3478 42561 AAACTACGAAA
STRG.14.1 4378 46142 CCGATAAAGAA
STRG.3.2 1017 25711 CGAACTTTGGT
STRG.3.1 634 25711 CGAACTTTGGT
STRG.3.3 870 25711 CGAACTTTGGT
STRG.36.1 2620 77119 ATTTTCGCCTT
STRG.55.1 1204 30537 GTGCATTATTT
STRG.5.1 5276 59359 TATGAAGCAAT
STRG.42.1 717 21994 GCAGAAGTGGC
STRG.42.1 717 66438 GCAGAAGTGGC
STRG.42.2 1919 21994 GCAGAAGTGGC
STRG.42.2 1919 66438 GCAGAAGTGGC
STRG.41.2 2472 30697 CAAATGTTGTT
STRG.41.3 2411 30697 CAAATGTTGTT
STRG.44.1 291 91733 GATGAGGATGA
STRG.44.2 291 91733 GATGAGGATGA
STRG.34.1 871 1306 CATTCTTGTGC
STRG.18.1 18731 64501 TTTTCAAGAAA
STRG.15.1 1098 98964 ACAAATGAAAA
STRG.42.1 2012 98964 ACAAATGAAAA
STRG.42.2 3214 98964 ACAAATGAAAA
STRG.48.1 1283 15120 GGCTGGGATTG
STRG.48.2 1283 15120 GGCTGGGATTG
STRG.26.1 1298 27567 CATATATTTTT
STRG.26.2 2320 27567 CATATATTTTT
STRG.8.1 271 79440 ATGGGCGCATT
STRG.20.1 7713 79440 ATGGGCGCATT
STRG.20.2 7713 79440 ATGGGCGCATT
STRG.3.3 245 24303 TAAAAACAAAT
STRG.5.1 3892 24303 TAAAAACAAAT
STRG.48.1 3495 24303 TAAAAACAAAT
STRG.23.3 1318 75226 ACAACTTGCCC
STRG.23.1 1091 75226 ACAACTTGCCC
STRG.23.2 1091 75226 ACAACTTGCCC
STRG.50.1 38 51730 ATTATTATTTT
STRG.57.2 3465 51730 ATTATTATTTT
STRG.14.1 4572 71641 AAATTCCATTT
STRG.20.3 2499 14878 GGCAGCTGCAG
STRG.20.3 2499 30562 GGCAGCTGCAG
STRG.20.1 12217 14878 GGCAGCTGCAG
STRG.20.1 12217 30562 GGCAGCTGCAG
STRG.20.2 12802 14878 GGCAGCTGCAG
STRG.20.2 12802 30562 GGCAGCTGCAG
STRG.26.1 788 6351 AGGGAAAGGGG
STRG.26.2 1810 6351 AGGGAAAGGGG
STRG.18.2 14111 82718 AAACAGCAAAC
STRG.18.1 14165 82718 AAACAGCAAAC
STRG.59.1 2731 61793 AGCAGCGCCAG
STRG.59.2 3519 61793 AGCAGCGCCAG
STRG.33.1 2384 41197 ATCCGCCAAAG
STRG.33.2 2201 41197 ATCCGCCAAAG
STRG.18.2 8853 45601 AAGAGGAGAGG
STRG.18.1 8907 45601 AAGAGGAGAGG
STRG.57.2 3394 95646 GCTTTAACTTT
STRG.51.1 999 56379 CAAAGTCATAG
STRG.18.2 244 36175 TGTGTGCAAAC
STRG.18.1 244 36175 TGTGTGCAAAC
STRG.13.1 1182 57111 AAAGTGGAGAA
STRG.28.1 435 25626 GTGGGCGTGAC
STRG.5.1 2537 5906 CGTGAGCCATT
STRG.23.3 2738 9346 GTAAACAAAAC
STRG.23.1 2511 9346 GTAAACAAAAC
STRG.23.2 2511 9346 GTAAACAAAAC
STRG.45.1 1074 1428 CTTTTTGGCGC
STRG.20.1 8638 25095 ACTGCTTTCCT
STRG.20.1 8638 25155 ACTGCTTTCCT
STRG.20.2 8638 25095 ACTGCTTTCCT
STRG.20.2 8638 25155 ACTGCTTTCCT
STRG.53.1 996 82028 CTTTTATGTTT
STRG.53.1 996 87635 CTTTTATGTTT
STRG.53.2 996 82028 CTTTTATGTTT
STRG.53.2 996 87635 CTTTTATGTTT
STRG.4.1 480 74731 CATTGCACTGG
STRG.18.2 9204 20769 AAATCAAATTC
STRG.18.1 9258 20769 AAATCAAATTC
STRG.22.1 44 17911 AAATCAAATTA
STRG.22.1 44 62342 AAATCAAATTA
STRG.1.1 3758 90600 AGTACTAGTTC
STRG.13.1 2803 1904 CAGACATTGTG
STRG.2.1 2670 98965 CAAATGAAAAG
STRG.2.2 2670 98965 CAAATGAAAAG
STRG.4.1 1222 56560 TATTGCCGTCA
STRG.1.1 1155 19110 TAGATAACCCA
STRG.10.5 535 22691 CAAGAATTTTT
STRG.10.6 747 22691 CAAGAATTTTT
STRG.10.1 364 22691 CAAGAATTTTT
STRG.10.4 501 22691 CAAGAATTTTT
STRG.35.1 1611 88640 ATACAAATATA
STRG.14.1 3156 37455 TGCAACTGCTG
STRG.14.1 3156 72558 TGCAACTGCTG
STRG.13.2 856 40871 GCTGGAGGGAA
STRG.13.2 2488 97591 TTTTCCAGCTC
STRG.35.1 114 82919 GCGGAGGAAGT
STRG.31.2 4402 88630 TATATGTTGTA
STRG.31.2 4423 88630 TATATGTTGTA
STRG.31.3 3312 88630 TATATGTTGTA
STRG.31.3 3333 88630 TATATGTTGTA
STRG.42.2 990 65123 AAAAATTAAGT
STRG.33.1 1133 52353 CTCATCAAGTT
STRG.33.2 1133 52353 CTCATCAAGTT
STRG.45.1 236 5089 CGGGCAACACG
STRG.14.1 3637 66903 TTTTTGTAAAT
STRG.48.1 1706 7570 CCAGCAGTTGT
STRG.48.2 1706 7570 CCAGCAGTTGT
STRG.18.1 17960 32937 TAATTATAATT
STRG.30.1 281 6414 TTCGGCGGCAT
STRG.18.2 6784 24521 AATTCCCCAGT
STRG.18.1 6838 24521 AATTCCCCAGT
STRG.26.1 1031 2180 GCGGCAGCTCG
STRG.26.2 2053 2180 GCGGCAGCTCG
STRG.20.3 1090 66210 CTGGAGGCTTT
STRG.20.1 10808 66210 CTGGAGGCTTT
STRG.20.2 11393 66210 CTGGAGGCTTT
STRG.31.2 3469 54565 GGGAAAAGCGC
STRG.31.3 2379 54565 GGGAAAAGCGC
STRG.14.1 1564 2837 GCGCTATCTGG
STRG.27.1 334 62060 GCCAGTTCGGC
STRG.31.1 218 83243 AAAGCGAACCA
STRG.31.2 218 83243 AAAGCGAACCA
STRG.57.2 3132 31782 TTATCCATTTA
STRG.18.2 11129 58213 CAACTCCCAAG
STRG.18.1 11183 58213 CAACTCCCAAG
STRG.20.1 9025 81523 AAATGCCAGCG
STRG.20.2 9025 81523 AAATGCCAGCG
STRG.20.3 256 56843 CTTCGATTTTG
STRG.42.2 527 13947 GCGAGCGAGAG
STRG.20.3 7246 16439 CATAATTAAAA
STRG.20.1 16964 16439 CATAATTAAAA
STRG.20.2 17549 16439 CATAATTAAAA
STRG.38.1 1421 54519 GCAACATGGAA
STRG.18.2 4377 71470 GCAGCAGCAAC
STRG.18.2 11910 71470 GCAGCAGCAAC
STRG.18.2 11991 71470 GCAGCAGCAAC
STRG.18.2 14640 71470 GCAGCAGCAAC
STRG.18.2 15120 71470 GCAGCAGCAAC
STRG.18.2 15450 71470 GCAGCAGCAAC
STRG.18.1 4431 71470 GCAGCAGCAAC
STRG.18.1 11964 71470 GCAGCAGCAAC
STRG.18.1 12045 71470 GCAGCAGCAAC
STRG.18.1 14694 71470 GCAGCAGCAAC
STRG.18.1 15174 71470 GCAGCAGCAAC
STRG.18.1 15504 71470 GCAGCAGCAAC
STRG.20.3 3876 71470 GCAGCAGCAAC
STRG.20.3 4692 71470 GCAGCAGCAAC
STRG.20.1 1057 71470 GCAGCAGCAAC
STRG.20.1 1474 71470 GCAGCAGCAAC
STRG.20.1 1495 71470 GCAGCAGCAAC
STRG.20.1 1522 71470 GCAGCAGCAAC
STRG.20.1 2128 71470 GCAGCAGCAAC
STRG.20.1 2251 71470 GCAGCAGCAAC
STRG.20.1 2407 71470 GCAGCAGCAAC
STRG.20.1 2632 71470 GCAGCAGCAAC
STRG.20.1 2992 71470 GCAGCAGCAAC
STRG.20.1 3186 71470 GCAGCAGCAAC
STRG.20.1 13594 71470 GCAGCAGCAAC
STRG.20.1 14410 71470 GCAGCAGCAAC
STRG.20.2 1057 71470 GCAGCAGCAAC
STRG.20.2 1474 71470 GCAGCAGCAAC
STRG.20.2 1495 71470 GCAGCAGCAAC
STRG.20.2 1522 71470 GCAGCAGCAAC
STRG.20.2 2128 71470 GCAGCAGCAAC
STRG.20.2 2251 71470 GCAGCAGCAAC
STRG.20.2 2407 71470 GCAGCAGCAAC
STRG.20.2 2632 71470 GCAGCAGCAAC
STRG.20.2 2992 71470 GCAGCAGCAAC
STRG.20.2 3186 71470 GCAGCAGCAAC
STRG.20.2 14179 71470 GCAGCAGCAAC
STRG.20.2 14995 71470 GCAGCAGCAAC
STRG.48.1 2277 71470 GCAGCAGCAAC
STRG.48.1 2391 71470 GCAGCAGCAAC
STRG.48.2 2277 71470 GCAGCAGCAAC
STRG.48.2 2391 71470 GCAGCAGCAAC
STRG.21.2 642 35822 AATTCCAGCTG
STRG.21.1 642 35822 AATTCCAGCTG
STRG.18.2 10135 48835 GAGCCAAAAAT
STRG.18.1 10189 48835 GAGCCAAAAAT
STRG.31.1 1702 14930 GCTGCCCCTTA
STRG.31.2 1702 14930 GCTGCCCCTTA
STRG.31.3 612 14930 GCTGCCCCTTA
STRG.48.1 186 47325 GTGGCGAGTGC
STRG.48.2 186 47325 GTGGCGAGTGC
STRG.60.1 895 61882 ACCAGGAGCAG
STRG.6.1 957 8043 TATTTCTGCGG
STRG.36.1 830 21934 CCAACAAGGAC
STRG.20.2 9814 15151 ACAAGTCTCAG
STRG.39.1 183 16826 TGTGGCTCAAA
STRG.20.3 745 27349 GGTTTAAAGCT
STRG.20.1 10463 27349 GGTTTAAAGCT
STRG.20.2 11048 27349 GGTTTAAAGCT
STRG.18.2 14986 49028 CAGCAGCAATT
STRG.18.1 15040 49028 CAGCAGCAATT
STRG.20.1 2792 49028 CAGCAGCAATT
STRG.20.2 2792 49028 CAGCAGCAATT
STRG.4.1 2093 23556 ACTGATATTTT
STRG.42.1 150 52502 CAAACAAACAA
STRG.42.2 150 52502 CAAACAAACAA
STRG.48.1 154 52502 CAAACAAACAA
STRG.48.2 154 52502 CAAACAAACAA
STRG.18.2 5152 73955 AGCGGAAACAC
STRG.18.1 5206 73955 AGCGGAAACAC
STRG.24.1 579 21221 ACTTTCGCTGC
STRG.5.1 788 50713 TCCAATGAAGC
STRG.23.3 2865 48798 TTTTTGTAATT
STRG.23.1 2638 48798 TTTTTGTAATT
STRG.23.2 2638 48798 TTTTTGTAATT
STRG.6.1 233 10785 ACGCGGGCGGG
STRG.14.1 117 13981 ACAAACAAATT
STRG.18.2 12115 17221 CAACAGCAACA
STRG.18.2 12115 37657 CAACAGCAACA
STRG.18.2 12169 17221 CAACAGCAACA
STRG.18.2 12169 37657 CAACAGCAACA
STRG.18.2 12499 17221 CAACAGCAACA
STRG.18.2 12499 37657 CAACAGCAACA
STRG.18.1 12169 17221 CAACAGCAACA
STRG.18.1 12169 37657 CAACAGCAACA
STRG.18.1 12223 17221 CAACAGCAACA
STRG.18.1 12223 37657 CAACAGCAACA
STRG.18.1 12553 17221 CAACAGCAACA
STRG.18.1 12553 37657 CAACAGCAACA
STRG.20.3 3856 17221 CAACAGCAACA
STRG.20.3 3856 37657 CAACAGCAACA
STRG.20.3 3889 17221 CAACAGCAACA
STRG.20.3 3889 37657 CAACAGCAACA
STRG.20.3 4699 17221 CAACAGCAACA
STRG.20.3 4699 37657 CAACAGCAACA
STRG.20.1 1598 17221 CAACAGCAACA
STRG.20.1 1598 37657 CAACAGCAACA
STRG.20.1 2417 17221 CAACAGCAACA
STRG.20.1 2417 37657 CAACAGCAACA
STRG.20.1 13574 17221 CAACAGCAACA
STRG.20.1 13574 37657 CAACAGCAACA
STRG.20.1 13607 17221 CAACAGCAACA
STRG.20.1 13607 37657 CAACAGCAACA
STRG.20.1 14417 17221 CAACAGCAACA
STRG.20.1 14417 37657 CAACAGCAACA
STRG.20.2 1598 17221 CAACAGCAACA
STRG.20.2 1598 37657 CAACAGCAACA
STRG.20.2 2417 17221 CAACAGCAACA
STRG.20.2 2417 37657 CAACAGCAACA
STRG.20.2 14159 17221 CAACAGCAACA
STRG.20.2 14159 37657 CAACAGCAACA
STRG.20.2 14192 17221 CAACAGCAACA
STRG.20.2 14192 37657 CAACAGCAACA
STRG.20.2 15002 17221 CAACAGCAACA
STRG.20.2 15002 37657 CAACAGCAACA
STRG.27.1 2927 7314 AGAGACATCTC
STRG.10.5 90 47004 TCACTCCTGTG
STRG.36.1 1006 57849 GCGATTCAAAA
STRG.59.3 2606 71839 TTTTTCTATTG
STRG.11.1 715 98594 CAGGGAGGCAG
STRG.31.2 3909 63513 AATTTGTGTGT
STRG.31.3 2819 63513 AATTTGTGTGT
STRG.5.1 2907 85945 ACTCGATGGCT
STRG.18.2 2110 4750 CGTTCCTCGGA
STRG.18.1 2110 4750 CGTTCCTCGGA
STRG.42.2 596 62691 GAGAAGGTGAG
STRG.24.1 179 57312 TGGAGGCGGGG
STRG.11.1 499 39803 CAGCTACCTGC
STRG.20.3 4547 13593 CTCAGTCGCTG
STRG.20.1 14265 13593 CTCAGTCGCTG
STRG.20.2 14850 13593 CTCAGTCGCTG
STRG.33.1 1758 1997 ACCAGCTGACC
STRG.3.2 369 25715 CTTTGGTTGCG
STRG.45.1 985 51538 TTAAGCTACAT
STRG.27.1 1651 64277 TTGATCATCAT
STRG.18.1 17500 7786 ATTTAAAAAGA
STRG.56.3 817 84274 CCATCTCCCAG
STRG.43.3 580 21401 GAGAAGGACTG
STRG.43.1 551 21401 GAGAAGGACTG
STRG.43.2 547 21401 GAGAAGGACTG
STRG.2.1 2776 42575 AAAGCAGGCAC
STRG.2.2 2776 42575 AAAGCAGGCAC
STRG.13.1 2874 25612 GGAAAGGGGGC
STRG.5.1 3596 96525 GGAAAAGCAAT
STRG.28.1 992 34416 AGTTAACTGAA
STRG.27.1 3660 60018 CGAAACTAGAA
STRG.28.1 711 92972 CTTCCGCAACG
STRG.42.1 1192 90478 TCTGCCAGAAG
STRG.42.2 2394 90478 TCTGCCAGAAG
STRG.18.2 9617 84093 AAGCTGCTAGC
STRG.18.1 9671 84093 AAGCTGCTAGC
STRG.2.1 3245 4903 TCCCTAAAAGA
STRG.2.2 3245 4903 TCCCTAAAAGA
STRG.18.2 8578 28746 GAAAGGAGAAA
STRG.18.1 8632 28746 GAAAGGAGAAA
STRG.5.1 1704 71088 ACAAATGCATA
STRG.23.3 3080 71088 ACAAATGCATA
STRG.23.1 2853 71088 ACAAATGCATA
STRG.23.2 2853 71088 ACAAATGCATA
STRG.20.1 4075 76473 AAACCCCCTGC
STRG.20.2 4075 76473 AAACCCCCTGC
STRG.54.1 753 77107 TCGCAACAATA
STRG.5.1 1140 8671 ATTTATTTCTC
STRG.33.1 5379 8671 ATTTATTTCTC
STRG.33.2 5193 8671 ATTTATTTCTC
STRG.31.1 1196 597 CCGCATCCGCA
STRG.31.2 1196 597 CCGCATCCGCA
STRG.43.3 996 7562 CAAAGTGGCCA
STRG.43.1 967 7562 CAAAGTGGCCA
STRG.43.2 963 7562 CAAAGTGGCCA
STRG.23.3 2493 53888 AAAAACGATGG
STRG.23.1 2266 53888 AAAAACGATGG
STRG.23.2 2266 53888 AAAAACGATGG
STRG.1.1 5193 9196 TATATAATTGA
STRG.57.1 2676 9196 TATATAATTGA
STRG.57.2 2676 9196 TATATAATTGA
STRG.34.1 101 74495 ATTACAGATGT
STRG.32.2 1161 14009 CACCACCTATG
STRG.32.1 1161 14009 CACCACCTATG
STRG.59.1 2495 29246 CTGGCAGTCAG
STRG.59.2 3283 29246 CTGGCAGTCAG
STRG.36.1 1948 32262 GCCACTCCTGC
STRG.18.2 2010 80310 TAGCTCTAGTT
STRG.18.1 2010 80310 TAGCTCTAGTT
STRG.32.2 812 40710 GGCTCCCGCAG
STRG.32.1 812 40710 GGCTCCCGCAG
STRG.57.1 664 95341 CACTGAGCCAC
STRG.57.2 664 95341 CACTGAGCCAC
STRG.14.1 3566 30300 CTGTTTATTTG
STRG.1.1 584 76796 GTTGAATTGTA
STRG.13.2 1757 82475 ACGCATCCACG
STRG.57.2 3581 9511 AATTATAAATC
STRG.36.1 2722 26037 AAGTGAATCGA
STRG.16.1 211 4275 CCATCCTGAAG
STRG.16.2 211 4275 CCATCCTGAAG
STRG.13.1 3434 3354 TACCGAATTGA
STRG.33.1 4652 72116 GCAGCAGCGGC
STRG.33.2 4466 72116 GCAGCAGCGGC
STRG.60.1 1023 92409 CGGAAGAAGGA
STRG.1.1 407 98799 AAAGGGCAGCA
STRG.20.1 5213 16987 AATTCAAATGC
STRG.20.2 5213 16987 AATTCAAATGC
STRG.3.1 133 38744 CAGGTGGAGAG
STRG.43.3 907 54776 CTAATTTTTTA
STRG.43.1 878 54776 CTAATTTTTTA
STRG.43.2 874 54776 CTAATTTTTTA
STRG.53.2 1522 15786 ACTGACAGCCA
STRG.31.2 3944 70950 ATTTTGGCGGA
STRG.31.3 2854 70950 ATTTTGGCGGA
STRG.32.2 578 35148 GCGGCAAACGA
STRG.32.1 578 35148 GCGGCAAACGA
STRG.47.2 1182 28016 TAGGTTTTTAA
STRG.47.1 1182 28016 TAGGTTTTTAA
STRG.1.1 3474 12479 GTGTTCAGCAA
STRG.51.1 1162 12479 GTGTTCAGCAA
STRG.26.2 910 75298 ATTTATTTATG
STRG.55.1 1038 84214 TGTTTACTTAA
STRG.49.2 488 23532 CATGCAGTACT
STRG.49.1 408 23532 CATGCAGTACT
STRG.48.1 1530 40487 GAAGGTGGCCA
STRG.48.2 1530 40487 GAAGGTGGCCA
STRG.5.1 2798 24088 CGCAGCACAAC
STRG.18.2 12040 77240 GCCCAACAACA
STRG.18.1 12094 77240 GCCCAACAACA
STRG.20.1 2201 77240 GCCCAACAACA
STRG.20.2 2201 77240 GCCCAACAACA
STRG.40.1 1068 14949 GCCCAACTTTG
STRG.40.2 81 14949 GCCCAACTTTG
STRG.5.1 3945 35864 TTCTGTGGGTG
STRG.6.1 1528 11818 AAATGTATAAA
STRG.18.1 18174 15311 AACGCCCTGGT
STRG.20.1 3064 46418 CTCCACTCTGG
STRG.20.2 3064 46418 CTCCACTCTGG
STRG.36.1 1077 48994 GGCAGAGAAGC
STRG.5.1 2455 87153 TCGAAATATAC
STRG.27.1 3099 76485 AAACAGCAAAA
STRG.32.2 815 40713 TCCCGCAGCAG
STRG.32.1 815 40713 TCCCGCAGCAG
STRG.22.1 884 7204 TTTAAAGGAGT
STRG.32.2 808 40706 TCGCGGCTCCC
STRG.32.1 808 40706 TCGCGGCTCCC
STRG.45.1 928 31807 ATTGCATCCAC
STRG.20.1 1165 44705 ACTGCCGCAGC
STRG.20.2 1165 44705 ACTGCCGCAGC
STRG.44.1 150 44705 ACTGCCGCAGC
STRG.44.2 150 44705 ACTGCCGCAGC
STRG.7.1 2240 72402 TATTTTCCTTT
STRG.7.3 2115 72402 TATTTTCCTTT
STRG.7.4 2115 72402 TATTTTCCTTT
STRG.7.2 2088 72402 TATTTTCCTTT
STRG.7.5 2044 72402 TATTTTCCTTT
STRG.7.6 2164 72402 TATTTTCCTTT
STRG.20.1 3838 44856 GCCAGGAATGT
STRG.20.2 3838 44856 GCCAGGAATGT
STRG.25.2 758 23118 TCGAAAGAAGG
STRG.25.1 657 23118 TCGAAAGAAGG
STRG.42.2 728 99663 TTTATCTGGCC
STRG.14.1 1448 67747 AACGCCGTGCT
STRG.6.1 1052 71532 CTACTCATATT
STRG.20.1 2895 37652 AAATGCAACAG
STRG.20.2 2895 37652 AAATGCAACAG
STRG.18.2 72 73976 GCAAATCGCAA
STRG.18.1 72 73976 GCAAATCGCAA
STRG.42.1 1395 7037 AGTTCCGCCAG
STRG.42.2 2597 7037 AGTTCCGCCAG
STRG.5.1 3107 31652 CAGTTTAATGA
STRG.20.2 9642 62946 ACAAAACGGAA
STRG.20.3 5721 103 TTTGGCTGGCT
STRG.20.1 15439 103 TTTGGCTGGCT
STRG.20.2 16024 103 TTTGGCTGGCT
STRG.14.1 730 47826 CGGCCATGACA
STRG.47.2 910 76969 GCAGCCCATCG
STRG.47.1 910 76969 GCAGCCCATCG
STRG.2.1 688 94306 GCTCTGCAAAT
STRG.2.2 688 94306 GCTCTGCAAAT
STRG.10.6 97 53209 AGCTGGCAAAT
STRG.56.1 929 44270 TGGAGAAGTTC
STRG.56.2 929 44270 TGGAGAAGTTC
STRG.56.3 2127 44270 TGGAGAAGTTC
STRG.59.3 1400 40772 CTCCAGCTCGA
STRG.59.1 1400 40772 CTCCAGCTCGA
STRG.59.2 2188 40772 CTCCAGCTCGA
STRG.31.2 3487 13509 TTTTTTATTTT
STRG.31.3 2397 13509 TTTTTTATTTT
STRG.34.1 1872 13509 TTTTTTATTTT
STRG.33.1 2240 2174 GCCAAGGCGGC
STRG.33.2 2057 2174 GCCAAGGCGGC
STRG.53.1 525 2174 GCCAAGGCGGC
STRG.53.2 525 2174 GCCAAGGCGGC
STRG.55.1 1253 87031 TTTATTTTATA
STRG.58.1 764 67638 CCAAAAAGGGA
STRG.13.1 3098 36205 GTGGCAAGTAA
STRG.4.1 485 12020 CACTGGCGACA
STRG.47.2 743 82922 GAGGAAGTGGC
STRG.47.1 743 82922 GAGGAAGTGGC
STRG.26.1 1483 9326 TACTATTTTAA
STRG.26.2 2505 9326 TACTATTTTAA
STRG.9.1 760 27442 CAGCCCCACAA
STRG.9.2 760 27442 CAGCCCCACAA
STRG.9.3 980 27442 CAGCCCCACAA
STRG.31.1 2370 45576 ATATTTTTATA
STRG.31.2 2370 45576 ATATTTTTATA
STRG.31.3 1280 45576 ATATTTTTATA
STRG.39.1 621 45576 ATATTTTTATA
STRG.56.3 1417 81418 CCCCATTTTCC
STRG.13.1 393 61829 CCCACGGACTC
STRG.20.1 1955 27095 GGAGCAGGCGG
STRG.20.2 1955 27095 GGAGCAGGCGG
STRG.5.1 5365 68601 ATTGCAGGAGG
STRG.31.1 1854 68601 ATTGCAGGAGG
STRG.31.2 1854 68601 ATTGCAGGAGG
STRG.31.3 764 68601 ATTGCAGGAGG
STRG.18.1 17423 84560 TAATTAAAAAC
STRG.28.1 55 18321 GAAAAATCAAT
STRG.14.1 61 18321 GAAAAATCAAT
STRG.59.2 234 18321 GAAAAATCAAT
STRG.51.1 535 70811 ACATATCTCCT
STRG.9.1 64 62909 AGAAACAGAAA
STRG.9.2 64 62909 AGAAACAGAAA
STRG.9.3 64 62909 AGAAACAGAAA
STRG.18.2 14449 73408 GCTACTCAAAA
STRG.18.1 14503 73408 GCTACTCAAAA
STRG.60.1 13 38381 GCAGCCTGGCC
STRG.57.1 503 48218 AATATAGGAGT
STRG.57.2 503 48218 AATATAGGAGT
STRG.18.2 4575 77242 CCAACAACAGT
STRG.18.1 4629 77242 CCAACAACAGT
STRG.26.1 626 77242 CCAACAACAGT
STRG.26.2 1648 77242 CCAACAACAGT
STRG.18.1 17197 15541 AAAAAAAAGCA
STRG.20.3 8024 15541 AAAAAAAAGCA
STRG.20.1 17742 15541 AAAAAAAAGCA
STRG.20.2 18327 15541 AAAAAAAAGCA
STRG.12.1 396 95106 TCAGTTGAGAC
STRG.20.3 462 15816 GGAGCGACAGG
STRG.20.1 10180 15816 GGAGCGACAGG
STRG.20.2 10765 15816 GGAGCGACAGG
STRG.8.1 281 72132 TGTGCATGACC
STRG.51.1 852 40213 GGACACCCTCC
STRG.35.1 1077 49229 CATGCGCAGCC
STRG.47.2 113 84433 TGGAAATCAAA
STRG.47.1 113 84433 TGGAAATCAAA
STRG.57.2 3396 95648 TTTAACTTTTG
STRG.37.1 659 13063 AAAAACAAGTA
STRG.9.1 663 48474 CTAATTAGCGA
STRG.9.2 663 48474 CTAATTAGCGA
STRG.9.3 883 48474 CTAATTAGCGA
STRG.44.1 1729 37376 TTACGGACAAA
STRG.44.2 1729 37376 TTACGGACAAA
STRG.42.1 1288 40528 TGGCCAACAAC
STRG.42.2 2490 40528 TGGCCAACAAC
STRG.36.1 236 3957 AGAAGAAGGTC
STRG.18.2 11811 23802 GCAGCAGCCAC
STRG.18.1 11865 23802 GCAGCAGCCAC
STRG.27.1 1288 20818 TTTCTCACCGC
STRG.60.1 386 41051 CAAGCTGATGG
STRG.49.2 934 1526 CCGAGCAGACG
STRG.49.1 854 1526 CCGAGCAGACG
STRG.20.1 38 63875 AATTTGCTGCT
STRG.20.2 38 63875 AATTTGCTGCT
STRG.38.1 611 11979 TCAAATCCATC
STRG.2.2 3969 95812 TTTGTTTTTAA
STRG.56.1 170 62689 AGGAGAAGGTG
STRG.56.2 170 62689 AGGAGAAGGTG
STRG.56.3 170 62689 AGGAGAAGGTG
STRG.20.1 5331 24888 TGGAAGCCAGT
STRG.20.2 5331 24888 TGGAAGCCAGT
STRG.48.1 3110 45793 TACAGATACAG
STRG.48.1 3110 48669 TACAGATACAG
STRG.48.1 3110 76015 TACAGATACAG
STRG.48.1 3110 84892 TACAGATACAG
STRG.48.1 3137 45793 TACAGATACAG
STRG.48.1 3137 48669 TACAGATACAG
STRG.48.1 3137 76015 TACAGATACAG
STRG.48.1 3137 84892 TACAGATACAG
STRG.20.3 5685 68553 ATCCCTTCCTC
STRG.20.1 15403 68553 ATCCCTTCCTC
STRG.20.2 15988 68553 ATCCCTTCCTC
STRG.39.1 131 42608 AGAAAAGTGAG
STRG.60.1 370 6229 AGGCGCGGGAT
STRG.39.1 84 36141 GGCAAGGAAAA
STRG.20.1 7578 69119 TGGTTTTAATT
STRG.20.2 7578 69119 TGGTTTTAATT
STRG.18.1 18595 34297 CTAAAAGAAAT
STRG.18.2 8312 75314 ATTTCTATAAT
STRG.18.1 8366 75314 ATTTCTATAAT
STRG.1.1 2146 81635 TGTAAATATAT
STRG.58.1 763 67637 ACCAAAAAGGG
STRG.3.2 301 59519 TCGAACGAAGT
STRG.53.1 826 41023 TCTGCCTGCTG
STRG.53.2 826 41023 TCTGCCTGCTG
STRG.14.1 3949 49013 TTGCAATTGCA
STRG.14.1 3949 49019 TTGCAATTGCA
STRG.48.1 1935 43081 CAATGGCAATG
STRG.48.2 1935 43081 CAATGGCAATG
STRG.2.1 2083 3708 GCTGGCTGACT
STRG.2.2 2083 3708 GCTGGCTGACT
STRG.5.1 1051 83825 TAAACGCATGT
STRG.13.2 1172 46537 CAAAGGCGCCA
STRG.18.2 11274 66515 TCAGCAACCTG
STRG.18.1 11328 66515 TCAGCAACCTG
STRG.20.3 6125 40795 GTTCCAGTAGC
STRG.20.1 15843 40795 GTTCCAGTAGC
STRG.20.2 16428 40795 GTTCCAGTAGC
STRG.4.1 1454 5605 GAATTTGATTT
STRG.31.2 3330 9348 AAACAAAACAG
STRG.31.3 2240 9348 AAACAAAACAG
STRG.37.1 22 9348 AAACAAAACAG
STRG.5.1 3598 67738 AAAAGCAATAA
STRG.31.1 3160 66800 ATTTTCCTTCA
STRG.31.2 3160 66800 ATTTTCCTTCA
STRG.31.3 2070 66800 ATTTTCCTTCA
STRG.20.1 597 44706 CTGCCGCAGCA
STRG.20.1 597 75845 CTGCCGCAGCA
STRG.20.1 1166 44706 CTGCCGCAGCA
STRG.20.1 1166 75845 CTGCCGCAGCA
STRG.20.2 597 44706 CTGCCGCAGCA
STRG.20.2 597 75845 CTGCCGCAGCA
STRG.20.2 1166 44706 CTGCCGCAGCA
STRG.20.2 1166 75845 CTGCCGCAGCA
STRG.44.1 151 44706 CTGCCGCAGCA
STRG.44.1 151 75845 CTGCCGCAGCA
STRG.44.2 151 44706 CTGCCGCAGCA
STRG.44.2 151 75845 CTGCCGCAGCA
STRG.57.1 863 44706 CTGCCGCAGCA
STRG.57.1 863 75845 CTGCCGCAGCA
STRG.57.2 863 44706 CTGCCGCAGCA
STRG.57.2 863 75845 CTGCCGCAGCA
STRG.1.1 580 21133 CGGAGTTGAAT
STRG.23.3 2975 33438 CAAAACATTTT
STRG.23.1 2748 33438 CAAAACATTTT
STRG.23.2 2748 33438 CAAAACATTTT
STRG.25.1 772 9815 TCAATTAAAAA
STRG.38.1 491 42206 TCCACGTGTTC
STRG.16.2 608 33384 TATCGAGACTC
STRG.59.3 1073 55443 AGCAGATGCTA
STRG.59.1 1073 55443 AGCAGATGCTA
STRG.59.2 1861 55443 AGCAGATGCTA
STRG.26.1 177 24575 AAAGGCAACAA
STRG.26.2 1199 24575 AAAGGCAACAA
STRG.18.2 12088 97142 AATCAACAAAT
STRG.18.1 12142 97142 AATCAACAAAT
STRG.19.1 42 70623 GGAGAAGTTCT
STRG.36.1 2328 51342 TCCAAAAGCAT
STRG.48.1 1900 71465 CAGTTGCAGCA
STRG.48.2 1900 71465 CAGTTGCAGCA
STRG.20.3 482 2488 AACTGGCGGCG
STRG.20.1 10200 2488 AACTGGCGGCG
STRG.20.2 10785 2488 AACTGGCGGCG
STRG.20.3 2895 86178 GACTCCTCCTC
STRG.20.1 12613 86178 GACTCCTCCTC
STRG.20.2 13198 86178 GACTCCTCCTC
STRG.57.2 3441 99985 TTACGGTTCAT
STRG.57.1 536 24288 CCGCAATTATG
STRG.57.2 536 24288 CCGCAATTATG
STRG.57.1 2092 44399 AAATCTGGCGG
STRG.57.2 2092 44399 AAATCTGGCGG
STRG.39.1 182 16825 ATGTGGCTCAA
STRG.18.1 17274 51326 AATGCAAGAAT
STRG.36.1 1840 42505 GAAAAACCAGC
STRG.36.1 1840 84230 GAAAAACCAGC
STRG.10.3 317 66338 TCGGGAGTGAG
STRG.10.2 197 66338 TCGGGAGTGAG
STRG.4.1 1936 98257 AAAGTTTGATG
STRG.27.1 1324 35436 ACCTACGCCTG
STRG.20.3 7977 24404 CGCACTTTATG
STRG.20.1 17695 24404 CGCACTTTATG
STRG.20.2 18280 24404 CGCACTTTATG
STRG.9.2 2149 4173 AGCAGAACTGC
STRG.9.3 2369 4173 AGCAGAACTGC
STRG.27.1 1026 97285 GGCTGGCAGCA
STRG.59.3 648 47210 TCAGCACCTAT
STRG.59.1 648 47210 TCAGCACCTAT
STRG.59.2 1436 47210 TCAGCACCTAT
STRG.3.3 322 23605 TATTTAATTTT
STRG.13.1 1578 30961 TGGGGTTTTAT
STRG.20.2 9872 30080 GGAAAAGCTCA
STRG.59.1 2507 30080 GGAAAAGCTCA
STRG.59.2 3295 30080 GGAAAAGCTCA
STRG.35.1 117 37799 GAGGAAGTCAT
STRG.35.1 117 84528 GAGGAAGTCAT
STRG.20.3 114 66280 AAGGAAGAGGG
STRG.57.1 752 830 AGGAGCAGCCA
STRG.57.2 752 830 AGGAGCAGCCA
STRG.31.1 3231 49390 CACACAACACA
STRG.31.2 3231 49390 CACACAACACA
STRG.31.3 2141 49390 CACACAACACA
STRG.7.3 2256 43553 TTTCACAAAAA
STRG.7.4 2256 43553 TTTCACAAAAA
STRG.7.2 2229 43553 TTTCACAAAAA
STRG.7.5 2185 43553 TTTCACAAAAA
STRG.7.6 2305 43553 TTTCACAAAAA
STRG.51.1 19 89392 CAAATGAAAAA
STRG.13.2 3221 18145 TTTCGTTTTGG
STRG.27.1 335 93025 CCAGTTCGGCC
STRG.56.1 1607 22449 TCTTTAAACTA
STRG.56.2 1526 22449 TCTTTAAACTA
STRG.56.3 2805 22449 TCTTTAAACTA
STRG.44.1 2106 40938 CTGCCCTTCCT
STRG.44.2 2106 40938 CTGCCCTTCCT
STRG.38.1 50 57968 TTGATTTGATT
STRG.33.1 4700 97671 TTTTCTCCCCG
STRG.33.2 4514 97671 TTTTCTCCCCG
STRG.18.2 6455 27875 TGAGAGAAAAG
STRG.18.2 6455 57032 TGAGAGAAAAG
STRG.18.1 6509 27875 TGAGAGAAAAG
STRG.18.1 6509 57032 TGAGAGAAAAG
STRG.47.2 51 21421 ACAAAATTTAA
STRG.47.1 51 21421 ACAAAATTTAA
STRG.41.2 2579 68820 TTTACATTTTC
STRG.41.3 2518 68820 TTTACATTTTC
STRG.41.2 2519 9166 ATATATTTATT
STRG.41.3 2458 9166 ATATATTTATT
STRG.38.1 938 41107 TCCTGCTGGCC
STRG.20.1 34 52006 TTGAAATTTGC
STRG.20.2 34 52006 TTGAAATTTGC
STRG.30.1 1559 93839 GAATCCTGCCA
STRG.21.2 640 35820 CGAATTCCAGC
STRG.21.1 640 35820 CGAATTCCAGC
STRG.8.1 540 56952 AATAATTGCAT
STRG.51.1 1495 73992 CAGCGAATTGA
STRG.20.1 1555 52247 GCCGCCGCACA
STRG.20.2 1555 52247 GCCGCCGCACA
STRG.13.2 10 14257 ATTTTTTTGCG
STRG.33.1 1263 53799 TTTTTGCCCAA
STRG.33.2 1263 53799 TTTTTGCCCAA
STRG.12.1 1584 57820 CCATTTAAATG
STRG.12.1 1584 93882 CCATTTAAATG
STRG.41.2 1860 95702 GGCCATTAATT
STRG.41.3 1799 95702 GGCCATTAATT
STRG.41.1 1588 95702 GGCCATTAATT
STRG.18.2 14481 10239 TGCGGTCAGCA
STRG.18.1 14535 10239 TGCGGTCAGCA
STRG.18.2 7061 54215 CCGCCTCGTCC
STRG.18.1 7115 54215 CCGCCTCGTCC
STRG.20.3 5605 95367 CAAATTCCTGG
STRG.20.1 15323 95367 CAAATTCCTGG
STRG.20.2 15908 95367 CAAATTCCTGG
STRG.18.1 17543 87257 TTGAATTGAAA
STRG.8.1 628 6857 GTTTCCGCTTC
STRG.58.1 1038 17906 CGGGAAAATCA
STRG.20.3 2792 86804 CTTCTGCTTCG
STRG.20.1 12510 86804 CTTCTGCTTCG
STRG.20.2 13095 86804 CTTCTGCTTCG
STRG.48.1 2109 2206 GCAGCTGCGAG
STRG.48.2 2109 2206 GCAGCTGCGAG
STRG.20.1 7649 19475 GTGCGTTGCTT
STRG.20.2 7649 19475 GTGCGTTGCTT
STRG.31.1 1137 14749 GGCGCCAGCGG
STRG.31.2 1137 14749 GGCGCCAGCGG
STRG.24.1 1449 3099 GAAGAAGATGA
STRG.20.1 1950 32887 CAAGTGGAGCA
STRG.20.2 1950 32887 CAAGTGGAGCA
STRG.1.1 3711 63673 TTTCTAATTTA
STRG.31.2 3505 23242 TGATATTAAGC
STRG.31.3 2415 23242 TGATATTAAGC
STRG.13.2 580 38927 CCGGAGGTGAA
STRG.45.1 58 88752 TTTGTTTGTTA
STRG.2.1 1276 69568 AGTCCAAGCAG
STRG.2.2 1276 69568 AGTCCAAGCAG
STRG.18.2 1791 23745 TTCGCACAGCT
STRG.18.1 1791 23745 TTCGCACAGCT
STRG.16.1 273 125 CTGGAGGGCAT
STRG.16.2 273 125 CTGGAGGGCAT
STRG.50.1 308 59099 CTTCTTCTCCG
STRG.2.1 552 165 TTTGCGCTGCC
STRG.2.2 552 165 TTTGCGCTGCC
STRG.23.3 2478 54765 TAATTAAAGTG
STRG.23.3 2478 80677 TAATTAAAGTG
STRG.23.1 2251 54765 TAATTAAAGTG
STRG.23.1 2251 80677 TAATTAAAGTG
STRG.23.2 2251 54765 TAATTAAAGTG
STRG.23.2 2251 80677 TAATTAAAGTG
STRG.7.1 180 31030 GGCATTAAAAA
STRG.7.2 28 31030 GGCATTAAAAA
STRG.28.1 712 92973 TTCCGCAACGC
STRG.14.1 283 92973 TTCCGCAACGC
STRG.7.1 1445 9907 AAAAAGAACTT
STRG.7.3 1320 9907 AAAAAGAACTT
STRG.7.4 1320 9907 AAAAAGAACTT
STRG.7.2 1293 9907 AAAAAGAACTT
STRG.7.5 1249 9907 AAAAAGAACTT
STRG.7.6 1369 9907 AAAAAGAACTT
STRG.13.2 401 60383 TGTTTGGCATT
STRG.23.3 1850 77324 CATGGAGCTGG
STRG.23.1 1623 77324 CATGGAGCTGG
STRG.23.2 1623 77324 CATGGAGCTGG
STRG.31.2 3470 79367 GGAAAAGCGCT
STRG.31.3 2380 79367 GGAAAAGCGCT
STRG.13.2 852 1472 TGGAGCTGGAG
STRG.3.2 1580 11071 TTTTAAATATA
STRG.3.1 1197 11071 TTTTAAATATA
STRG.3.3 1433 11071 TTTTAAATATA
STRG.20.2 10009 3225 TGCCATTGCCC
STRG.34.1 163 44025 AAAACAGTAGT
STRG.14.1 747 51815 TCGGGCACATG
STRG.22.1 873 77796 ATCCGGCCATC
STRG.34.1 297 10768 ATGCGGATGAG
STRG.23.3 2194 62099 CTGGAAACATA
STRG.23.1 1967 62099 CTGGAAACATA
STRG.23.2 1967 62099 CTGGAAACATA
STRG.13.2 2969 11515 TTTGTTATTGT
STRG.51.1 1314 6094 CACCACCGATG
STRG.13.2 2035 92261 CTGCAGGCTCA
STRG.56.1 1235 49630 CACCCACTCCG
STRG.56.2 1235 49630 CACCCACTCCG
STRG.56.3 2433 49630 CACCCACTCCG
STRG.2.1 1219 58089 GAAAGGAGTAA
STRG.2.2 1219 58089 GAAAGGAGTAA
STRG.20.3 4025 4332 AGAACCCCAAT
STRG.20.1 13743 4332 AGAACCCCAAT
STRG.20.2 14328 4332 AGAACCCCAAT
STRG.31.1 100 53805 CCCAATTTCTG
STRG.31.2 100 53805 CCCAATTTCTG
STRG.23.3 2105 5129 TTCGGTGGCCA
STRG.23.1 1878 5129 TTCGGTGGCCA
STRG.23.2 1878 5129 TTCGGTGGCCA
STRG.16.2 715 95038 ACATGAAAGAG
STRG.27.1 1724 4458 TTACGGAGTTT
STRG.25.2 687 82993 AAATCATCAAA
STRG.25.1 586 82993 AAATCATCAAA
STRG.41.2 104 84751 GTTTGCAGTTT
STRG.41.3 104 84751 GTTTGCAGTTT
STRG.5.1 6010 8934 GATGGAAATGG
STRG.5.1 6010 97041 GATGGAAATGG
STRG.56.3 900 68816 TACATTTACAT
STRG.46.1 760 5685 TTTTGAAGGAA
STRG.2.1 286 48657 TACATTTACAG
STRG.2.2 286 48657 TACATTTACAG
STRG.22.1 45 17912 AATCAAATTAA
STRG.18.2 3487 62343 AATCAAATTAC
STRG.18.1 3487 62343 AATCAAATTAC
STRG.3.3 5 51457 AGGGAGACAAT
STRG.20.1 7065 48743 GTCTGCGACAG
STRG.20.2 7065 48743 GTCTGCGACAG
STRG.5.1 6221 39278 CCCTTTATTAC
STRG.20.1 10168 20743 GAACAATAAAA
STRG.20.2 10753 20743 GAACAATAAAA
STRG.14.1 4696 57624 ATATAAATTGA
STRG.28.1 70 61788 AGCAGAGCAGC
STRG.18.2 14633 19388 AACACCAGCAG
STRG.18.1 14687 19388 AACACCAGCAG
STRG.20.1 2424 19388 AACACCAGCAG
STRG.20.2 2424 19388 AACACCAGCAG
STRG.13.2 3020 74473 AAAAGTCCTTT
STRG.20.1 498 28996 TGTGTGCGCTG
STRG.20.2 498 28996 TGTGTGCGCTG
STRG.51.1 209 96982 AGTTCGATTTA
STRG.7.3 2280 22420 CGCCCATAAAA
STRG.7.4 2280 22420 CGCCCATAAAA
STRG.7.2 2253 22420 CGCCCATAAAA
STRG.7.5 2209 22420 CGCCCATAAAA
STRG.7.6 2329 22420 CGCCCATAAAA
STRG.25.2 809 45547 TGAATAAGTTT
STRG.25.1 708 45547 TGAATAAGTTT
STRG.20.1 4901 20373 AATGCAAATTC
STRG.20.1 4901 68293 AATGCAAATTC
STRG.20.2 4901 20373 AATGCAAATTC
STRG.20.2 4901 68293 AATGCAAATTC
STRG.4.1 2086 26628 TTTTCAAACTG
STRG.20.1 9348 33589 ATGGCTGTGAA
STRG.20.2 9348 33589 ATGGCTGTGAA
STRG.18.1 18843 87224 TACACTTATTT
STRG.23.3 2289 3322 ATCATTGGCGA
STRG.23.1 2062 3322 ATCATTGGCGA
STRG.23.2 2062 3322 ATCATTGGCGA
STRG.1.1 988 91686 AGTTGCATACA
STRG.2.2 4014 14435 TAAATAAATAA
STRG.6.1 66 14435 TAAATAAATAA
STRG.60.1 851 45900 GAGCAAGGTGG
STRG.18.2 11616 13714 GCAGACGACAC
STRG.18.1 11670 13714 GCAGACGACAC
STRG.56.3 1342 20455 ACTTTTCCATT
STRG.31.1 1240 69519 GAGCACAAGCA
STRG.31.2 1240 69519 GAGCACAAGCA
STRG.13.1 2097 66812 AACTTGGCCAA
STRG.13.1 2097 67174 AACTTGGCCAA
STRG.20.3 6652 38973 GGACAACCGCC
STRG.20.1 16370 38973 GGACAACCGCC
STRG.20.2 16955 38973 GGACAACCGCC
STRG.5.1 2091 16229 AAATAAAAATT
STRG.18.2 15186 16924 AATTCCTAGCC
STRG.18.1 15240 16924 AATTCCTAGCC
STRG.9.2 1980 89145 ATGTATATATA
STRG.9.3 2200 89145 ATGTATATATA
STRG.41.2 2537 89145 ATGTATATATA
STRG.41.3 2476 89145 ATGTATATATA
STRG.56.1 1420 29705 ACACGCGCACA
STRG.56.2 1420 29705 ACACGCGCACA
STRG.56.3 2618 29705 ACACGCGCACA
STRG.59.3 211 29705 ACACGCGCACA
STRG.59.1 211 29705 ACACGCGCACA
STRG.59.2 999 29705 ACACGCGCACA
STRG.18.2 13407 40854 TCCTCCAAGGA
STRG.18.1 13461 40854 TCCTCCAAGGA
STRG.42.1 614 46455 CACAAACACAA
STRG.42.1 614 53232 CACAAACACAA
STRG.42.2 1816 46455 CACAAACACAA
STRG.42.2 1816 53232 CACAAACACAA
STRG.20.1 7049 12932 TGCAAACTCCT
STRG.20.2 7049 12932 TGCAAACTCCT
STRG.5.1 3014 13477 TGGTTTTTATT
STRG.5.1 3014 20880 TGGTTTTTATT
STRG.20.1 391 16294 CATTTTGACAA
STRG.20.2 391 16294 CATTTTGACAA
STRG.49.2 717 31633 AAGTTCCTGGA
STRG.49.1 637 31633 AAGTTCCTGGA
STRG.42.1 347 66072 AAAGAGTCAGA
STRG.42.2 1549 66072 AAAGAGTCAGA
STRG.31.1 974 49316 CCTGCCAGCTG
STRG.31.2 974 49316 CCTGCCAGCTG
STRG.53.1 42 13160 TAATTGGTATT
STRG.53.2 42 13160 TAATTGGTATT
STRG.59.3 2372 74354 CCGAAATCTGG
STRG.20.1 2272 18583 GTTGCAGGCTC
STRG.20.2 2272 18583 GTTGCAGGCTC
STRG.8.1 523 24162 CTTTTTGCAGT
STRG.18.2 10122 57258 TAACATTGCAG
STRG.18.1 10176 57258 TAACATTGCAG
STRG.41.2 88 81505 GCCCAGCAAAC
STRG.41.3 88 81505 GCCCAGCAAAC
STRG.47.2 880 79628 GTGGCAAACTG
STRG.47.1 880 79628 GTGGCAAACTG
STRG.57.1 201 25832 GGCAGCAGCAT
STRG.57.2 201 25832 GGCAGCAGCAT
STRG.27.1 1136 83634 GCTTTCTAATT
STRG.18.2 11990 28732 AGCAGCAGCAA
STRG.18.2 14639 28732 AGCAGCAGCAA
STRG.18.2 15449 28732 AGCAGCAGCAA
STRG.18.1 12044 28732 AGCAGCAGCAA
STRG.18.1 14693 28732 AGCAGCAGCAA
STRG.18.1 15503 28732 AGCAGCAGCAA
STRG.20.3 3875 28732 AGCAGCAGCAA
STRG.20.3 4691 28732 AGCAGCAGCAA
STRG.20.1 1056 28732 AGCAGCAGCAA
STRG.20.1 1494 28732 AGCAGCAGCAA
STRG.20.1 2127 28732 AGCAGCAGCAA
STRG.20.1 2250 28732 AGCAGCAGCAA
STRG.20.1 2406 28732 AGCAGCAGCAA
STRG.20.1 2991 28732 AGCAGCAGCAA
STRG.20.1 3185 28732 AGCAGCAGCAA
STRG.20.1 13593 28732 AGCAGCAGCAA
STRG.20.1 14409 28732 AGCAGCAGCAA
STRG.20.2 1056 28732 AGCAGCAGCAA
STRG.20.2 1494 28732 AGCAGCAGCAA
STRG.20.2 2127 28732 AGCAGCAGCAA
STRG.20.2 2250 28732 AGCAGCAGCAA
STRG.20.2 2406 28732 AGCAGCAGCAA
STRG.20.2 2991 28732 AGCAGCAGCAA
STRG.20.2 3185 28732 AGCAGCAGCAA
STRG.20.2 14178 28732 AGCAGCAGCAA
STRG.20.2 14994 28732 AGCAGCAGCAA
STRG.48.1 2276 28732 AGCAGCAGCAA
STRG.48.1 2390 28732 AGCAGCAGCAA
STRG.48.2 2276 28732 AGCAGCAGCAA
STRG.48.2 2390 28732 AGCAGCAGCAA
STRG.18.2 13445 40579 AGCAGCAGCAG
STRG.18.2 13445 40719 AGCAGCAGCAG
STRG.18.2 13445 40803 AGCAGCAGCAG
STRG.18.2 13445 40806 AGCAGCAGCAG
STRG.18.2 13445 40809 AGCAGCAGCAG
STRG.18.2 13445 59836 AGCAGCAGCAG
STRG.18.2 13445 59839 AGCAGCAGCAG
STRG.18.2 13445 59842 AGCAGCAGCAG
STRG.18.2 13445 75852 AGCAGCAGCAG
STRG.18.2 13445 75855 AGCAGCAGCAG
STRG.18.2 13445 75858 AGCAGCAGCAG
STRG.18.2 15236 40579 AGCAGCAGCAG
STRG.18.2 15236 40719 AGCAGCAGCAG
STRG.18.2 15236 40803 AGCAGCAGCAG
STRG.18.2 15236 40806 AGCAGCAGCAG
STRG.18.2 15236 40809 AGCAGCAGCAG
STRG.18.2 15236 59836 AGCAGCAGCAG
STRG.18.2 15236 59839 AGCAGCAGCAG
STRG.18.2 15236 59842 AGCAGCAGCAG
STRG.18.2 15236 75852 AGCAGCAGCAG
STRG.18.2 15236 75855 AGCAGCAGCAG
STRG.18.2 15236 75858 AGCAGCAGCAG
STRG.18.1 13499 40579 AGCAGCAGCAG
STRG.18.1 13499 40719 AGCAGCAGCAG
STRG.18.1 13499 40803 AGCAGCAGCAG
STRG.18.1 13499 40806 AGCAGCAGCAG
STRG.18.1 13499 40809 AGCAGCAGCAG
STRG.18.1 13499 59836 AGCAGCAGCAG
STRG.18.1 13499 59839 AGCAGCAGCAG
STRG.18.1 13499 59842 AGCAGCAGCAG
STRG.18.1 13499 75852 AGCAGCAGCAG
STRG.18.1 13499 75855 AGCAGCAGCAG
STRG.18.1 13499 75858 AGCAGCAGCAG
STRG.18.1 15290 40579 AGCAGCAGCAG
STRG.18.1 15290 40719 AGCAGCAGCAG
STRG.18.1 15290 40803 AGCAGCAGCAG
STRG.18.1 15290 40806 AGCAGCAGCAG
STRG.18.1 15290 40809 AGCAGCAGCAG
STRG.18.1 15290 59836 AGCAGCAGCAG
STRG.18.1 15290 59839 AGCAGCAGCAG
STRG.18.1 15290 59842 AGCAGCAGCAG
STRG.18.1 15290 75852 AGCAGCAGCAG
STRG.18.1 15290 75855 AGCAGCAGCAG
STRG.18.1 15290 75858 AGCAGCAGCAG
STRG.20.3 3869 40579 AGCAGCAGCAG
STRG.20.3 3869 40719 AGCAGCAGCAG
STRG.20.3 3869 40803 AGCAGCAGCAG
STRG.20.3 3869 40806 AGCAGCAGCAG
STRG.20.3 3869 40809 AGCAGCAGCAG
STRG.20.3 3869 59836 AGCAGCAGCAG
STRG.20.3 3869 59839 AGCAGCAGCAG
STRG.20.3 3869 59842 AGCAGCAGCAG
STRG.20.3 3869 75852 AGCAGCAGCAG
STRG.20.3 3869 75855 AGCAGCAGCAG
STRG.20.3 3869 75858 AGCAGCAGCAG
STRG.20.3 3872 40579 AGCAGCAGCAG
STRG.20.3 3872 40719 AGCAGCAGCAG
STRG.20.3 3872 40803 AGCAGCAGCAG
STRG.20.3 3872 40806 AGCAGCAGCAG
STRG.20.3 3872 40809 AGCAGCAGCAG
STRG.20.3 3872 59836 AGCAGCAGCAG
STRG.20.3 3872 59839 AGCAGCAGCAG
STRG.20.3 3872 59842 AGCAGCAGCAG
STRG.20.3 3872 75852 AGCAGCAGCAG
STRG.20.3 3872 75855 AGCAGCAGCAG
STRG.20.3 3872 75858 AGCAGCAGCAG
STRG.20.1 1134 40579 AGCAGCAGCAG
STRG.20.1 1134 40719 AGCAGCAGCAG
STRG.20.1 1134 40803 AGCAGCAGCAG
STRG.20.1 1134 40806 AGCAGCAGCAG
STRG.20.1 1134 40809 AGCAGCAGCAG
STRG.20.1 1134 59836 AGCAGCAGCAG
STRG.20.1 1134 59839 AGCAGCAGCAG
STRG.20.1 1134 59842 AGCAGCAGCAG
STRG.20.1 1134 75852 AGCAGCAGCAG
STRG.20.1 1134 75855 AGCAGCAGCAG
STRG.20.1 1134 75858 AGCAGCAGCAG
STRG.20.1 1137 40579 AGCAGCAGCAG
STRG.20.1 1137 40719 AGCAGCAGCAG
STRG.20.1 1137 40803 AGCAGCAGCAG
STRG.20.1 1137 40806 AGCAGCAGCAG
STRG.20.1 1137 40809 AGCAGCAGCAG
STRG.20.1 1137 59836 AGCAGCAGCAG
STRG.20.1 1137 59839 AGCAGCAGCAG
STRG.20.1 1137 59842 AGCAGCAGCAG
STRG.20.1 1137 75852 AGCAGCAGCAG
STRG.20.1 1137 75855 AGCAGCAGCAG
STRG.20.1 1137 75858 AGCAGCAGCAG
STRG.20.1 1419 40579 AGCAGCAGCAG
STRG.20.1 1419 40719 AGCAGCAGCAG
STRG.20.1 1419 40803 AGCAGCAGCAG
STRG.20.1 1419 40806 AGCAGCAGCAG
STRG.20.1 1419 40809 AGCAGCAGCAG
STRG.20.1 1419 59836 AGCAGCAGCAG
STRG.20.1 1419 59839 AGCAGCAGCAG
STRG.20.1 1419 59842 AGCAGCAGCAG
STRG.20.1 1419 75852 AGCAGCAGCAG
STRG.20.1 1419 75855 AGCAGCAGCAG
STRG.20.1 1419 75858 AGCAGCAGCAG
STRG.20.1 1455 40579 AGCAGCAGCAG
STRG.20.1 1455 40719 AGCAGCAGCAG
STRG.20.1 1455 40803 AGCAGCAGCAG
STRG.20.1 1455 40806 AGCAGCAGCAG
STRG.20.1 1455 40809 AGCAGCAGCAG
STRG.20.1 1455 59836 AGCAGCAGCAG
